
> @real-estate/web@0.1.0 build
> next build

   ▲ Next.js 14.1.0
   - Environments: .env.local

   Creating an optimized production build ...
 ✓ Compiled successfully
   Linting and checking validity of types ...
   Collecting page data ...
   Generating static pages (0/11) ...
   Generating static pages (2/11) 
   Generating static pages (5/11) 
   Generating static pages (8/11) 
 ✓ Generating static pages (11/11) 
   Finalizing page optimization ...
   Collecting build traces ...

Route (app)                              Size     First Load JS
┌ ○ /                                    807 B          92.1 kB
├ ○ /_not-found                          0 B                0 B
├ ○ /admin                               3.15 kB        94.4 kB
├ ○ /calculator                          1.94 kB         190 kB
├ ○ /compare                             2.27 kB        93.6 kB
├ ○ /dashboard                           8.93 kB         199 kB
├ ○ /login                               1.31 kB        92.6 kB
├ ○ /properties                          5.41 kB         102 kB
├ λ /properties/[id]                     1.85 kB        93.1 kB
├ λ /property/[id]                       3.09 kB         203 kB
└ ○ /register                            1.46 kB        92.7 kB
+ First Load JS shared by all            84.5 kB
  ├ chunks/1dd3208c-c6861a43a5a0827a.js  53.4 kB
  ├ chunks/997-99b2fa0d2ba69d61.js       29.1 kB
  └ other shared chunks (total)          2.04 kB


○  (Static)   prerendered as static content
λ  (Dynamic)  server-rendered on demand using Node.js

