
> @real-estate/web@0.1.0 build
> cross-env NODE_ENV=production next build

  ▲ Next.js 14.2.35
  - Environments: .env.local

   Creating an optimized production build ...
 ✓ Compiled successfully
   Linting and checking validity of types ...
   Collecting page data ...
   Generating static pages (0/17) ...
   Generating static pages (4/17) 
   Generating static pages (8/17) 
   Generating static pages (12/17) 
 ✓ Generating static pages (17/17)
   Finalizing page optimization ...
   Collecting build traces ...

Route (app)                              Size     First Load JS
┌ ○ /                                    1.59 kB          98 kB
├ ○ /_not-found                          151 B          87.8 kB
├ ○ /admin                               11 kB           115 kB
├ ○ /buy-in-[city]                       149 B           116 kB
├ ○ /buy/property-in-[city]              148 B           116 kB
├ ○ /calculator                          4.6 kB          108 kB
├ ○ /compare                             4.01 kB         103 kB
├ ○ /dashboard                           109 kB          208 kB
├ ○ /icon.svg                            0 B                0 B
├ ○ /login                               3.56 kB         107 kB
├ ƒ /post-property                       12.1 kB         116 kB
├ ○ /properties                          14.4 kB         132 kB
├ ○ /property-in-[city]                  149 B           116 kB
├ ƒ /property/[id]                       5.99 kB         124 kB
├ ○ /register                            3.28 kB         107 kB
├ ○ /rent-in-[city]                      149 B           116 kB
└ ƒ /rent/[slug]                         148 B           116 kB
+ First Load JS shared by all            87.7 kB
  ├ chunks/1dd3208c-45ef4619033e0dfa.js  53.6 kB
  ├ chunks/528-06f31ad1f76e7a69.js       31.9 kB
  └ other shared chunks (total)          2.19 kB


ƒ Middleware                             26.4 kB

○  (Static)   prerendered as static content
ƒ  (Dynamic)  server-rendered on demand


> @real-estate/web@0.1.0 postbuild
> node -e "require('fs').writeFileSync(require('path').join(process.cwd(),'.need-clean-before-dev'),'')"

